<?xml version="1.0" encoding="UTF-8" ?>
<testsuite errors="1" failures="0" hostname="NB-CST150911" name="it.reexon.lib.security.crypt.tests.CryptoUtilsTest" skipped="0" tests="1" time="0.0" timestamp="2016-04-11T14:09:17">
  <properties>
[...]
</properties>
  <error message="it.reexon.lib.security.crypt.tests.CryptoUtilsTest" type="java.lang.ClassNotFoundException">java.lang.ClassNotFoundException: it.reexon.lib.security.crypt.tests.CryptoUtilsTest
	at java.net.URLClassLoader.findClass(Unknown Source)
	at java.lang.ClassLoader.loadClass(Unknown Source)
	at sun.misc.Launcher$AppClassLoader.loadClass(Unknown Source)
	at java.lang.ClassLoader.loadClass(Unknown Source)
	at java.lang.Class.forName0(Native Method)
	at java.lang.Class.forName(Unknown Source)
</error>
  <system-out><![CDATA[]]></system-out>
  <system-err><![CDATA[]]></system-err>
</testsuite>
